2025-06-18T01:07:00.772+05:30  WARN 19720 --- [matrimony] [HikariPool-20:housekeeper] com.zaxxer.hikari.pool.HikariPool        : HikariPool-20 - Thread starvation or clock leap detected (housekeeper delta=1h19s95ms163µs700ns).
2025-06-18T01:24:23.719+05:30  INFO 19720 --- [matrimony] [File Watcher] rtingClassPathChangeChangedEventListener : Restarting due to 1 class path change (0 additions, 0 deletions, 1 modification)
2025-06-18T01:24:23.729+05:30  INFO 19720 --- [matrimony] [Thread-79] o.s.b.w.e.tomcat.GracefulShutdown        : Commencing graceful shutdown. Waiting for active requests to complete
2025-06-18T01:24:23.735+05:30  INFO 19720 --- [matrimony] [scheduling-1] c.a.m.s.SubscriptionServiceImpl          : Processing expired subscriptions
2025-06-18T01:24:23.793+05:30  INFO 19720 --- [matrimony] [tomcat-shutdown] o.s.b.w.e.tomcat.GracefulShutdown        : Graceful shutdown complete
2025-06-18T01:24:23.836+05:30 DEBUG 19720 --- [matrimony] [scheduling-1] org.hibernate.SQL                        : select us1_0.id,us1_0.amount_paid,us1_0.created_at,us1_0.end_date,us1_0.payment_id,us1_0.plan_id,us1_0.start_date,us1_0.status,us1_0.updated_at,us1_0.user_id from user_subscriptions us1_0 where us1_0.end_date<current_date and us1_0.status='ACTIVE'
2025-06-18T01:24:23.853+05:30  INFO 19720 --- [matrimony] [scheduling-1] c.a.m.s.SubscriptionServiceImpl          : Processed 0 expired subscriptions
2025-06-18T01:24:23.858+05:30  INFO 19720 --- [matrimony] [Thread-79] j.LocalContainerEntityManagerFactoryBean : Closing JPA EntityManagerFactory for persistence unit 'default'
2025-06-18T01:24:23.859+05:30  INFO 19720 --- [matrimony] [Thread-79] com.zaxxer.hikari.HikariDataSource       : HikariPool-20 - Shutdown initiated...
2025-06-18T01:24:23.861+05:30  INFO 19720 --- [matrimony] [Thread-79] com.zaxxer.hikari.HikariDataSource       : HikariPool-20 - Shutdown completed.
2025-06-18T01:24:24.077+05:30  INFO 19720 --- [matrimony] [restartedMain] com.api.matrimony.MatrimonyApplication   : Starting MatrimonyApplication using Java 21.0.2 with PID 19720 (C:\Users\goswa\OneDrive\Documents\sts-project-code\matrimony\matrimony\target\classes started by goswa in C:\Users\goswa\OneDrive\Documents\sts-project-code\matrimony\matrimony)
2025-06-18T01:24:24.077+05:30  INFO 19720 --- [matrimony] [restartedMain] com.api.matrimony.MatrimonyApplication   : The following 1 profile is active: "dev"
2025-06-18T01:24:24.411+05:30  INFO 19720 --- [matrimony] [restartedMain] .s.d.r.c.RepositoryConfigurationDelegate : Bootstrapping Spring Data JPA repositories in DEFAULT mode.
2025-06-18T01:24:24.459+05:30  INFO 19720 --- [matrimony] [restartedMain] .s.d.r.c.RepositoryConfigurationDelegate : Finished Spring Data repository scanning in 47 ms. Found 13 JPA repository interfaces.
2025-06-18T01:24:24.679+05:30  INFO 19720 --- [matrimony] [restartedMain] o.s.b.w.embedded.tomcat.TomcatWebServer  : Tomcat initialized with port 9999 (http)
2025-06-18T01:24:24.681+05:30  INFO 19720 --- [matrimony] [restartedMain] o.apache.catalina.core.StandardService   : Starting service [Tomcat]
2025-06-18T01:24:24.681+05:30  INFO 19720 --- [matrimony] [restartedMain] o.apache.catalina.core.StandardEngine    : Starting Servlet engine: [Apache Tomcat/10.1.41]
2025-06-18T01:24:24.706+05:30  INFO 19720 --- [matrimony] [restartedMain] o.a.c.c.C.[.[localhost].[/api/v1]        : Initializing Spring embedded WebApplicationContext
2025-06-18T01:24:24.706+05:30  INFO 19720 --- [matrimony] [restartedMain] w.s.c.ServletWebServerApplicationContext : Root WebApplicationContext: initialization completed in 626 ms
2025-06-18T01:24:24.777+05:30  INFO 19720 --- [matrimony] [restartedMain] o.hibernate.jpa.internal.util.LogHelper  : HHH000204: Processing PersistenceUnitInfo [name: default]
2025-06-18T01:24:24.780+05:30  INFO 19720 --- [matrimony] [restartedMain] o.h.c.internal.RegionFactoryInitiator    : HHH000026: Second-level cache disabled
2025-06-18T01:24:24.790+05:30  INFO 19720 --- [matrimony] [restartedMain] o.s.o.j.p.SpringPersistenceUnitInfo      : No LoadTimeWeaver setup: ignoring JPA class transformer
2025-06-18T01:24:24.793+05:30  INFO 19720 --- [matrimony] [restartedMain] com.zaxxer.hikari.HikariDataSource       : HikariPool-21 - Starting...
2025-06-18T01:24:24.797+05:30  INFO 19720 --- [matrimony] [restartedMain] com.zaxxer.hikari.pool.HikariPool        : HikariPool-21 - Added connection com.mysql.cj.jdbc.ConnectionImpl@6ae0d02f
2025-06-18T01:24:24.798+05:30  INFO 19720 --- [matrimony] [restartedMain] com.zaxxer.hikari.HikariDataSource       : HikariPool-21 - Start completed.
2025-06-18T01:24:24.799+05:30  WARN 19720 --- [matrimony] [restartedMain] org.hibernate.dialect.Dialect            : HHH000511: The 5.7.35 version for [org.hibernate.dialect.MySQLDialect] is no longer supported, hence certain features may not work properly. The minimum supported version is 8.0.0. Check the community dialects project for available legacy versions.
2025-06-18T01:24:24.800+05:30  WARN 19720 --- [matrimony] [restartedMain] org.hibernate.orm.deprecation            : HHH90000025: MySQLDialect does not need to be specified explicitly using 'hibernate.dialect' (remove the property setting and it will be selected by default)
2025-06-18T01:24:24.800+05:30  INFO 19720 --- [matrimony] [restartedMain] org.hibernate.orm.connections.pooling    : HHH10001005: Database info:
	Database JDBC URL [Connecting through datasource 'HikariDataSource (HikariPool-21)']
	Database driver: undefined/unknown
	Database version: 5.7.35
	Autocommit mode: undefined/unknown
	Isolation level: undefined/unknown
	Minimum pool size: undefined/unknown
	Maximum pool size: undefined/unknown
2025-06-18T01:24:25.037+05:30  INFO 19720 --- [matrimony] [restartedMain] o.h.e.t.j.p.i.JtaPlatformInitiator       : HHH000489: No JTA platform available (set 'hibernate.transaction.jta.platform' to enable JTA platform integration)
2025-06-18T01:24:25.037+05:30  INFO 19720 --- [matrimony] [restartedMain] j.LocalContainerEntityManagerFactoryBean : Initialized JPA EntityManagerFactory for persistence unit 'default'
2025-06-18T01:24:25.448+05:30  INFO 19720 --- [matrimony] [restartedMain] eAuthenticationProviderManagerConfigurer : Global AuthenticationManager configured with AuthenticationProvider bean with name authenticationProvider
2025-06-18T01:24:25.449+05:30  WARN 19720 --- [matrimony] [restartedMain] r$InitializeUserDetailsManagerConfigurer : Global AuthenticationManager configured with an AuthenticationProvider bean. UserDetailsService beans will not be used by Spring Security for automatically configuring username/password login. Consider removing the AuthenticationProvider bean. Alternatively, consider using the UserDetailsService in a manually instantiated DaoAuthenticationProvider. If the current configuration is intentional, to turn off this warning, increase the logging level of 'org.springframework.security.config.annotation.authentication.configuration.InitializeUserDetailsBeanManagerConfigurer' to ERROR
2025-06-18T01:24:25.537+05:30  WARN 19720 --- [matrimony] [restartedMain] JpaBaseConfiguration$JpaWebConfiguration : spring.jpa.open-in-view is enabled by default. Therefore, database queries may be performed during view rendering. Explicitly configure spring.jpa.open-in-view to disable this warning
2025-06-18T01:24:25.554+05:30  INFO 19720 --- [matrimony] [restartedMain] com.api.matrimony.config.CorsConfig      : Configuring CORS with origins: http://localhost:3000, http://localhost:8081
2025-06-18T01:24:25.660+05:30  INFO 19720 --- [matrimony] [restartedMain] c.api.matrimony.config.SecurityConfig    : Configuring Security Filter Chain...
2025-06-18T01:24:25.663+05:30  INFO 19720 --- [matrimony] [restartedMain] c.api.matrimony.config.SecurityConfig    : Configuring request authorization...
2025-06-18T01:24:25.677+05:30  INFO 19720 --- [matrimony] [restartedMain] c.api.matrimony.config.SecurityConfig    : Security Filter Chain configured successfully
2025-06-18T01:24:25.702+05:30 DEBUG 19720 --- [matrimony] [restartedMain] o.s.s.web.DefaultSecurityFilterChain     : Will secure any request with filters: DisableEncodeUrlFilter, WebAsyncManagerIntegrationFilter, SecurityContextHolderFilter, HeaderWriterFilter, LogoutFilter, JwtAuthenticationFilter, RequestCacheAwareFilter, SecurityContextHolderAwareRequestFilter, AnonymousAuthenticationFilter, SessionManagementFilter, ExceptionTranslationFilter, AuthorizationFilter
2025-06-18T01:24:25.936+05:30  INFO 19720 --- [matrimony] [restartedMain] o.s.b.d.a.OptionalLiveReloadServer       : LiveReload server is running on port 35729
2025-06-18T01:24:25.963+05:30  INFO 19720 --- [matrimony] [restartedMain] o.s.b.w.embedded.tomcat.TomcatWebServer  : Tomcat started on port 9999 (http) with context path '/api/v1'
2025-06-18T01:24:25.967+05:30  INFO 19720 --- [matrimony] [restartedMain] com.api.matrimony.MatrimonyApplication   : Started MatrimonyApplication in 1.929 seconds (process running for 8673.97)
2025-06-18T01:24:25.968+05:30  INFO 19720 --- [matrimony] [scheduling-1] c.a.m.serviceImpl.OtpServiceImpl         : Cleaning up expired OTPs
2025-06-18T01:24:25.968+05:30  INFO 19720 --- [matrimony] [restartedMain] .ConditionEvaluationDeltaLoggingListener : Condition evaluation unchanged
2025-06-18T01:24:25.970+05:30 DEBUG 19720 --- [matrimony] [scheduling-1] org.hibernate.SQL                        : select ov1_0.id,ov1_0.created_at,ov1_0.email,ov1_0.expires_at,ov1_0.is_verified,ov1_0.otp,ov1_0.phone,ov1_0.purpose from otp_verification ov1_0 where ov1_0.expires_at<?
2025-06-18T01:24:47.423+05:30  INFO 19720 --- [matrimony] [RMI TCP Connection(146)-127.0.0.1] inMXBeanRegistrar$SpringApplicationAdmin : Application shutdown requested.
2025-06-18T01:24:47.424+05:30  INFO 19720 --- [matrimony] [RMI TCP Connection(146)-127.0.0.1] o.s.b.w.e.tomcat.GracefulShutdown        : Commencing graceful shutdown. Waiting for active requests to complete
2025-06-18T01:24:47.437+05:30  INFO 19720 --- [matrimony] [tomcat-shutdown] o.s.b.w.e.tomcat.GracefulShutdown        : Graceful shutdown complete
2025-06-18T01:24:47.440+05:30  INFO 19720 --- [matrimony] [RMI TCP Connection(146)-127.0.0.1] j.LocalContainerEntityManagerFactoryBean : Closing JPA EntityManagerFactory for persistence unit 'default'
2025-06-18T01:24:47.441+05:30  INFO 19720 --- [matrimony] [RMI TCP Connection(146)-127.0.0.1] com.zaxxer.hikari.HikariDataSource       : HikariPool-21 - Shutdown initiated...
2025-06-18T01:24:47.442+05:30  INFO 19720 --- [matrimony] [RMI TCP Connection(146)-127.0.0.1] com.zaxxer.hikari.HikariDataSource       : HikariPool-21 - Shutdown completed.
2025-06-18T01:24:50.812+05:30  INFO 10056 --- [matrimony] [restartedMain] com.api.matrimony.MatrimonyApplication   : Starting MatrimonyApplication using Java 21.0.2 with PID 10056 (C:\Users\goswa\OneDrive\Documents\sts-project-code\matrimony\matrimony\target\classes started by goswa in C:\Users\goswa\OneDrive\Documents\sts-project-code\matrimony\matrimony)
2025-06-18T01:24:50.814+05:30  INFO 10056 --- [matrimony] [restartedMain] com.api.matrimony.MatrimonyApplication   : The following 1 profile is active: "dev"
2025-06-18T01:24:50.861+05:30  INFO 10056 --- [matrimony] [restartedMain] .e.DevToolsPropertyDefaultsPostProcessor : Devtools property defaults active! Set 'spring.devtools.add-properties' to 'false' to disable
2025-06-18T01:24:50.861+05:30  INFO 10056 --- [matrimony] [restartedMain] .e.DevToolsPropertyDefaultsPostProcessor : For additional web related logging consider setting the 'logging.level.web' property to 'DEBUG'
2025-06-18T01:24:51.675+05:30  INFO 10056 --- [matrimony] [restartedMain] .s.d.r.c.RepositoryConfigurationDelegate : Bootstrapping Spring Data JPA repositories in DEFAULT mode.
2025-06-18T01:24:51.875+05:30  INFO 10056 --- [matrimony] [restartedMain] .s.d.r.c.RepositoryConfigurationDelegate : Finished Spring Data repository scanning in 189 ms. Found 13 JPA repository interfaces.
2025-06-18T01:24:52.559+05:30  INFO 10056 --- [matrimony] [restartedMain] o.s.b.w.embedded.tomcat.TomcatWebServer  : Tomcat initialized with port 9999 (http)
2025-06-18T01:24:52.571+05:30  INFO 10056 --- [matrimony] [restartedMain] o.apache.catalina.core.StandardService   : Starting service [Tomcat]
2025-06-18T01:24:52.571+05:30  INFO 10056 --- [matrimony] [restartedMain] o.apache.catalina.core.StandardEngine    : Starting Servlet engine: [Apache Tomcat/10.1.41]
2025-06-18T01:24:52.616+05:30  INFO 10056 --- [matrimony] [restartedMain] o.a.c.c.C.[.[localhost].[/api/v1]        : Initializing Spring embedded WebApplicationContext
2025-06-18T01:24:52.617+05:30  INFO 10056 --- [matrimony] [restartedMain] w.s.c.ServletWebServerApplicationContext : Root WebApplicationContext: initialization completed in 1756 ms
2025-06-18T01:24:52.776+05:30  INFO 10056 --- [matrimony] [restartedMain] o.hibernate.jpa.internal.util.LogHelper  : HHH000204: Processing PersistenceUnitInfo [name: default]
2025-06-18T01:24:52.823+05:30  INFO 10056 --- [matrimony] [restartedMain] org.hibernate.Version                    : HHH000412: Hibernate ORM core version 6.6.15.Final
2025-06-18T01:24:52.852+05:30  INFO 10056 --- [matrimony] [restartedMain] o.h.c.internal.RegionFactoryInitiator    : HHH000026: Second-level cache disabled
2025-06-18T01:24:53.092+05:30  INFO 10056 --- [matrimony] [restartedMain] o.s.o.j.p.SpringPersistenceUnitInfo      : No LoadTimeWeaver setup: ignoring JPA class transformer
2025-06-18T01:24:53.120+05:30  INFO 10056 --- [matrimony] [restartedMain] com.zaxxer.hikari.HikariDataSource       : HikariPool-1 - Starting...
2025-06-18T01:24:53.254+05:30  INFO 10056 --- [matrimony] [restartedMain] com.zaxxer.hikari.pool.HikariPool        : HikariPool-1 - Added connection com.mysql.cj.jdbc.ConnectionImpl@aadaab3
2025-06-18T01:24:53.256+05:30  INFO 10056 --- [matrimony] [restartedMain] com.zaxxer.hikari.HikariDataSource       : HikariPool-1 - Start completed.
2025-06-18T01:24:53.289+05:30  WARN 10056 --- [matrimony] [restartedMain] org.hibernate.dialect.Dialect            : HHH000511: The 5.7.35 version for [org.hibernate.dialect.MySQLDialect] is no longer supported, hence certain features may not work properly. The minimum supported version is 8.0.0. Check the community dialects project for available legacy versions.
2025-06-18T01:24:53.294+05:30  WARN 10056 --- [matrimony] [restartedMain] org.hibernate.orm.deprecation            : HHH90000025: MySQLDialect does not need to be specified explicitly using 'hibernate.dialect' (remove the property setting and it will be selected by default)
2025-06-18T01:24:53.309+05:30  INFO 10056 --- [matrimony] [restartedMain] org.hibernate.orm.connections.pooling    : HHH10001005: Database info:
	Database JDBC URL [Connecting through datasource 'HikariDataSource (HikariPool-1)']
	Database driver: undefined/unknown
	Database version: 5.7.35
	Autocommit mode: undefined/unknown
	Isolation level: undefined/unknown
	Minimum pool size: undefined/unknown
	Maximum pool size: undefined/unknown
2025-06-18T01:24:54.428+05:30  INFO 10056 --- [matrimony] [restartedMain] o.h.e.t.j.p.i.JtaPlatformInitiator       : HHH000489: No JTA platform available (set 'hibernate.transaction.jta.platform' to enable JTA platform integration)
2025-06-18T01:24:54.431+05:30  INFO 10056 --- [matrimony] [restartedMain] j.LocalContainerEntityManagerFactoryBean : Initialized JPA EntityManagerFactory for persistence unit 'default'
2025-06-18T01:24:54.736+05:30  INFO 10056 --- [matrimony] [restartedMain] o.s.d.j.r.query.QueryEnhancerFactory     : Hibernate is in classpath; If applicable, HQL parser will be used.
2025-06-18T01:24:56.585+05:30  INFO 10056 --- [matrimony] [restartedMain] eAuthenticationProviderManagerConfigurer : Global AuthenticationManager configured with AuthenticationProvider bean with name authenticationProvider
2025-06-18T01:24:56.586+05:30  WARN 10056 --- [matrimony] [restartedMain] r$InitializeUserDetailsManagerConfigurer : Global AuthenticationManager configured with an AuthenticationProvider bean. UserDetailsService beans will not be used by Spring Security for automatically configuring username/password login. Consider removing the AuthenticationProvider bean. Alternatively, consider using the UserDetailsService in a manually instantiated DaoAuthenticationProvider. If the current configuration is intentional, to turn off this warning, increase the logging level of 'org.springframework.security.config.annotation.authentication.configuration.InitializeUserDetailsBeanManagerConfigurer' to ERROR
2025-06-18T01:24:57.181+05:30  WARN 10056 --- [matrimony] [restartedMain] JpaBaseConfiguration$JpaWebConfiguration : spring.jpa.open-in-view is enabled by default. Therefore, database queries may be performed during view rendering. Explicitly configure spring.jpa.open-in-view to disable this warning
2025-06-18T01:24:57.226+05:30  INFO 10056 --- [matrimony] [restartedMain] com.api.matrimony.config.CorsConfig      : Configuring CORS with origins: http://localhost:3000, http://localhost:8081
2025-06-18T01:24:57.503+05:30  INFO 10056 --- [matrimony] [restartedMain] c.api.matrimony.config.SecurityConfig    : Configuring Security Filter Chain...
2025-06-18T01:24:57.511+05:30  INFO 10056 --- [matrimony] [restartedMain] c.api.matrimony.config.SecurityConfig    : Configuring request authorization...
2025-06-18T01:24:57.534+05:30  INFO 10056 --- [matrimony] [restartedMain] c.api.matrimony.config.SecurityConfig    : Security Filter Chain configured successfully
2025-06-18T01:24:57.578+05:30 DEBUG 10056 --- [matrimony] [restartedMain] o.s.s.web.DefaultSecurityFilterChain     : Will secure any request with filters: DisableEncodeUrlFilter, WebAsyncManagerIntegrationFilter, SecurityContextHolderFilter, HeaderWriterFilter, LogoutFilter, JwtAuthenticationFilter, RequestCacheAwareFilter, SecurityContextHolderAwareRequestFilter, AnonymousAuthenticationFilter, SessionManagementFilter, ExceptionTranslationFilter, AuthorizationFilter
2025-06-18T01:24:58.001+05:30  INFO 10056 --- [matrimony] [restartedMain] o.s.b.d.a.OptionalLiveReloadServer       : LiveReload server is running on port 35729
2025-06-18T01:24:58.202+05:30  INFO 10056 --- [matrimony] [restartedMain] o.s.b.w.embedded.tomcat.TomcatWebServer  : Tomcat started on port 9999 (http) with context path '/api/v1'
2025-06-18T01:24:58.218+05:30  INFO 10056 --- [matrimony] [restartedMain] com.api.matrimony.MatrimonyApplication   : Started MatrimonyApplication in 7.819 seconds (process running for 8.492)
2025-06-18T01:24:58.235+05:30  INFO 10056 --- [matrimony] [scheduling-1] c.a.m.serviceImpl.OtpServiceImpl         : Cleaning up expired OTPs
2025-06-18T01:24:58.359+05:30 DEBUG 10056 --- [matrimony] [scheduling-1] org.hibernate.SQL                        : select ov1_0.id,ov1_0.created_at,ov1_0.email,ov1_0.expires_at,ov1_0.is_verified,ov1_0.otp,ov1_0.phone,ov1_0.purpose from otp_verification ov1_0 where ov1_0.expires_at<?
2025-06-18T01:25:51.253+05:30  INFO 10056 --- [matrimony] [http-nio-9999-exec-1] o.a.c.c.C.[.[localhost].[/api/v1]        : Initializing Spring DispatcherServlet 'dispatcherServlet'
2025-06-18T01:25:51.253+05:30  INFO 10056 --- [matrimony] [http-nio-9999-exec-1] o.s.web.servlet.DispatcherServlet        : Initializing Servlet 'dispatcherServlet'
2025-06-18T01:25:51.255+05:30  INFO 10056 --- [matrimony] [http-nio-9999-exec-1] o.s.web.servlet.DispatcherServlet        : Completed initialization in 2 ms
2025-06-18T01:25:51.277+05:30 DEBUG 10056 --- [matrimony] [http-nio-9999-exec-1] o.s.security.web.FilterChainProxy        : Securing POST /auth/register
2025-06-18T01:25:51.283+05:30 DEBUG 10056 --- [matrimony] [http-nio-9999-exec-1] o.s.s.w.a.AnonymousAuthenticationFilter  : Set SecurityContextHolder to anonymous SecurityContext
2025-06-18T01:25:51.286+05:30 DEBUG 10056 --- [matrimony] [http-nio-9999-exec-1] o.s.security.web.FilterChainProxy        : Secured POST /auth/register
2025-06-18T01:25:51.519+05:30  INFO 10056 --- [matrimony] [http-nio-9999-exec-1] c.a.matrimony.controller.AuthController  : Registration attempt for email: goswamiavishek22@gmail.com
2025-06-18T01:25:51.521+05:30  INFO 10056 --- [matrimony] [http-nio-9999-exec-1] c.a.m.serviceImpl.AuthServiceImpl        : Starting registration process for email: goswamiavishek22@gmail.com
2025-06-18T01:25:51.526+05:30 DEBUG 10056 --- [matrimony] [http-nio-9999-exec-1] org.hibernate.SQL                        : select u1_0.id from users u1_0 where u1_0.email=? limit ?
2025-06-18T01:25:51.533+05:30 DEBUG 10056 --- [matrimony] [http-nio-9999-exec-1] org.hibernate.SQL                        : select u1_0.id from users u1_0 where u1_0.phone=? limit ?
2025-06-18T01:25:51.541+05:30 ERROR 10056 --- [matrimony] [http-nio-9999-exec-1] c.a.matrimony.controller.AuthController  : Registration failed for email: goswamiavishek22@gmail.com

com.api.matrimony.exception.CustomException: Phone number is already registered
	at com.api.matrimony.serviceImpl.AuthServiceImpl.register(AuthServiceImpl.java:63) ~[classes/:na]
	at java.base/jdk.internal.reflect.DirectMethodHandleAccessor.invoke(DirectMethodHandleAccessor.java:103) ~[na:na]
	at java.base/java.lang.reflect.Method.invoke(Method.java:580) ~[na:na]
	at org.springframework.aop.support.AopUtils.invokeJoinpointUsingReflection(AopUtils.java:359) ~[spring-aop-6.2.7.jar:6.2.7]
	at org.springframework.aop.framework.ReflectiveMethodInvocation.invokeJoinpoint(ReflectiveMethodInvocation.java:196) ~[spring-aop-6.2.7.jar:6.2.7]
	at org.springframework.aop.framework.ReflectiveMethodInvocation.proceed(ReflectiveMethodInvocation.java:163) ~[spring-aop-6.2.7.jar:6.2.7]
	at org.springframework.transaction.interceptor.TransactionAspectSupport.invokeWithinTransaction(TransactionAspectSupport.java:380) ~[spring-tx-6.2.7.jar:6.2.7]
	at org.springframework.transaction.interceptor.TransactionInterceptor.invoke(TransactionInterceptor.java:119) ~[spring-tx-6.2.7.jar:6.2.7]
	at org.springframework.aop.framework.ReflectiveMethodInvocation.proceed(ReflectiveMethodInvocation.java:184) ~[spring-aop-6.2.7.jar:6.2.7]
	at org.springframework.aop.framework.CglibAopProxy$DynamicAdvisedInterceptor.intercept(CglibAopProxy.java:728) ~[spring-aop-6.2.7.jar:6.2.7]
	at com.api.matrimony.serviceImpl.AuthServiceImpl$$SpringCGLIB$$0.register(<generated>) ~[classes/:na]
	at com.api.matrimony.controller.AuthController.register(AuthController.java:49) ~[classes/:na]
	at java.base/jdk.internal.reflect.DirectMethodHandleAccessor.invoke(DirectMethodHandleAccessor.java:103) ~[na:na]
	at java.base/java.lang.reflect.Method.invoke(Method.java:580) ~[na:na]
	at org.springframework.web.method.support.InvocableHandlerMethod.doInvoke(InvocableHandlerMethod.java:258) ~[spring-web-6.2.7.jar:6.2.7]
	at org.springframework.web.method.support.InvocableHandlerMethod.invokeForRequest(InvocableHandlerMethod.java:191) ~[spring-web-6.2.7.jar:6.2.7]
	at org.springframework.web.servlet.mvc.method.annotation.ServletInvocableHandlerMethod.invokeAndHandle(ServletInvocableHandlerMethod.java:118) ~[spring-webmvc-6.2.7.jar:6.2.7]
	at org.springframework.web.servlet.mvc.method.annotation.RequestMappingHandlerAdapter.invokeHandlerMethod(RequestMappingHandlerAdapter.java:986) ~[spring-webmvc-6.2.7.jar:6.2.7]
	at org.springframework.web.servlet.mvc.method.annotation.RequestMappingHandlerAdapter.handleInternal(RequestMappingHandlerAdapter.java:891) ~[spring-webmvc-6.2.7.jar:6.2.7]
	at org.springframework.web.servlet.mvc.method.AbstractHandlerMethodAdapter.handle(AbstractHandlerMethodAdapter.java:87) ~[spring-webmvc-6.2.7.jar:6.2.7]
	at org.springframework.web.servlet.DispatcherServlet.doDispatch(DispatcherServlet.java:1089) ~[spring-webmvc-6.2.7.jar:6.2.7]
	at org.springframework.web.servlet.DispatcherServlet.doService(DispatcherServlet.java:979) ~[spring-webmvc-6.2.7.jar:6.2.7]
	at org.springframework.web.servlet.FrameworkServlet.processRequest(FrameworkServlet.java:1014) ~[spring-webmvc-6.2.7.jar:6.2.7]
	at org.springframework.web.servlet.FrameworkServlet.doPost(FrameworkServlet.java:914) ~[spring-webmvc-6.2.7.jar:6.2.7]
	at jakarta.servlet.http.HttpServlet.service(HttpServlet.java:590) ~[tomcat-embed-core-10.1.41.jar:6.0]
	at org.springframework.web.servlet.FrameworkServlet.service(FrameworkServlet.java:885) ~[spring-webmvc-6.2.7.jar:6.2.7]
	at jakarta.servlet.http.HttpServlet.service(HttpServlet.java:658) ~[tomcat-embed-core-10.1.41.jar:6.0]
	at org.apache.catalina.core.ApplicationFilterChain.internalDoFilter(ApplicationFilterChain.java:195) ~[tomcat-embed-core-10.1.41.jar:10.1.41]
	at org.apache.catalina.core.ApplicationFilterChain.doFilter(ApplicationFilterChain.java:140) ~[tomcat-embed-core-10.1.41.jar:10.1.41]
	at org.apache.tomcat.websocket.server.WsFilter.doFilter(WsFilter.java:51) ~[tomcat-embed-websocket-10.1.41.jar:10.1.41]
	at org.apache.catalina.core.ApplicationFilterChain.internalDoFilter(ApplicationFilterChain.java:164) ~[tomcat-embed-core-10.1.41.jar:10.1.41]
	at org.apache.catalina.core.ApplicationFilterChain.doFilter(ApplicationFilterChain.java:140) ~[tomcat-embed-core-10.1.41.jar:10.1.41]
	at org.springframework.web.filter.OncePerRequestFilter.doFilter(OncePerRequestFilter.java:110) ~[spring-web-6.2.7.jar:6.2.7]
	at org.apache.catalina.core.ApplicationFilterChain.internalDoFilter(ApplicationFilterChain.java:164) ~[tomcat-embed-core-10.1.41.jar:10.1.41]
	at org.apache.catalina.core.ApplicationFilterChain.doFilter(ApplicationFilterChain.java:140) ~[tomcat-embed-core-10.1.41.jar:10.1.41]
	at org.springframework.web.filter.CompositeFilter$VirtualFilterChain.doFilter(CompositeFilter.java:108) ~[spring-web-6.2.7.jar:6.2.7]
	at org.springframework.web.filter.CompositeFilter$VirtualFilterChain.doFilter(CompositeFilter.java:108) ~[spring-web-6.2.7.jar:6.2.7]
	at org.springframework.security.web.FilterChainProxy.lambda$doFilterInternal$3(FilterChainProxy.java:231) ~[spring-security-web-6.5.0.jar:6.5.0]
	at org.springframework.security.web.FilterChainProxy$VirtualFilterChain.doFilter(FilterChainProxy.java:365) ~[spring-security-web-6.5.0.jar:6.5.0]
	at org.springframework.security.web.access.intercept.AuthorizationFilter.doFilter(AuthorizationFilter.java:101) ~[spring-security-web-6.5.0.jar:6.5.0]
	at org.springframework.security.web.FilterChainProxy$VirtualFilterChain.doFilter(FilterChainProxy.java:374) ~[spring-security-web-6.5.0.jar:6.5.0]
	at org.springframework.security.web.access.ExceptionTranslationFilter.doFilter(ExceptionTranslationFilter.java:125) ~[spring-security-web-6.5.0.jar:6.5.0]
	at org.springframework.security.web.access.ExceptionTranslationFilter.doFilter(ExceptionTranslationFilter.java:119) ~[spring-security-web-6.5.0.jar:6.5.0]
	at org.springframework.security.web.FilterChainProxy$VirtualFilterChain.doFilter(FilterChainProxy.java:374) ~[spring-security-web-6.5.0.jar:6.5.0]
	at org.springframework.security.web.session.SessionManagementFilter.doFilter(SessionManagementFilter.java:131) ~[spring-security-web-6.5.0.jar:6.5.0]
	at org.springframework.security.web.session.SessionManagementFilter.doFilter(SessionManagementFilter.java:85) ~[spring-security-web-6.5.0.jar:6.5.0]
	at org.springframework.security.web.FilterChainProxy$VirtualFilterChain.doFilter(FilterChainProxy.java:374) ~[spring-security-web-6.5.0.jar:6.5.0]
	at org.springframework.security.web.authentication.AnonymousAuthenticationFilter.doFilter(AnonymousAuthenticationFilter.java:100) ~[spring-security-web-6.5.0.jar:6.5.0]
	at org.springframework.security.web.FilterChainProxy$VirtualFilterChain.doFilter(FilterChainProxy.java:374) ~[spring-security-web-6.5.0.jar:6.5.0]
	at org.springframework.security.web.servletapi.SecurityContextHolderAwareRequestFilter.doFilter(SecurityContextHolderAwareRequestFilter.java:179) ~[spring-security-web-6.5.0.jar:6.5.0]
	at org.springframework.security.web.FilterChainProxy$VirtualFilterChain.doFilter(FilterChainProxy.java:374) ~[spring-security-web-6.5.0.jar:6.5.0]
	at org.springframework.security.web.savedrequest.RequestCacheAwareFilter.doFilter(RequestCacheAwareFilter.java:63) ~[spring-security-web-6.5.0.jar:6.5.0]
	at org.springframework.security.web.FilterChainProxy$VirtualFilterChain.doFilter(FilterChainProxy.java:374) ~[spring-security-web-6.5.0.jar:6.5.0]
	at com.api.matrimony.config.JwtAuthenticationFilter.doFilterInternal(JwtAuthenticationFilter.java:45) ~[classes/:na]
	at org.springframework.web.filter.OncePerRequestFilter.doFilter(OncePerRequestFilter.java:116) ~[spring-web-6.2.7.jar:6.2.7]
	at org.springframework.security.web.FilterChainProxy$VirtualFilterChain.doFilter(FilterChainProxy.java:374) ~[spring-security-web-6.5.0.jar:6.5.0]
	at org.springframework.security.web.authentication.logout.LogoutFilter.doFilter(LogoutFilter.java:107) ~[spring-security-web-6.5.0.jar:6.5.0]
	at org.springframework.security.web.authentication.logout.LogoutFilter.doFilter(LogoutFilter.java:93) ~[spring-security-web-6.5.0.jar:6.5.0]
	at org.springframework.security.web.FilterChainProxy$VirtualFilterChain.doFilter(FilterChainProxy.java:374) ~[spring-security-web-6.5.0.jar:6.5.0]
	at org.springframework.security.web.header.HeaderWriterFilter.doHeadersAfter(HeaderWriterFilter.java:90) ~[spring-security-web-6.5.0.jar:6.5.0]
	at org.springframework.security.web.header.HeaderWriterFilter.doFilterInternal(HeaderWriterFilter.java:75) ~[spring-security-web-6.5.0.jar:6.5.0]
	at org.springframework.web.filter.OncePerRequestFilter.doFilter(OncePerRequestFilter.java:116) ~[spring-web-6.2.7.jar:6.2.7]
	at org.springframework.security.web.FilterChainProxy$VirtualFilterChain.doFilter(FilterChainProxy.java:374) ~[spring-security-web-6.5.0.jar:6.5.0]
	at org.springframework.security.web.context.SecurityContextHolderFilter.doFilter(SecurityContextHolderFilter.java:82) ~[spring-security-web-6.5.0.jar:6.5.0]
	at org.springframework.security.web.context.SecurityContextHolderFilter.doFilter(SecurityContextHolderFilter.java:69) ~[spring-security-web-6.5.0.jar:6.5.0]
	at org.springframework.security.web.FilterChainProxy$VirtualFilterChain.doFilter(FilterChainProxy.java:374) ~[spring-security-web-6.5.0.jar:6.5.0]
	at org.springframework.security.web.context.request.async.WebAsyncManagerIntegrationFilter.doFilterInternal(WebAsyncManagerIntegrationFilter.java:62) ~[spring-security-web-6.5.0.jar:6.5.0]
	at org.springframework.web.filter.OncePerRequestFilter.doFilter(OncePerRequestFilter.java:116) ~[spring-web-6.2.7.jar:6.2.7]
	at org.springframework.security.web.FilterChainProxy$VirtualFilterChain.doFilter(FilterChainProxy.java:374) ~[spring-security-web-6.5.0.jar:6.5.0]
	at org.springframework.security.web.session.DisableEncodeUrlFilter.doFilterInternal(DisableEncodeUrlFilter.java:42) ~[spring-security-web-6.5.0.jar:6.5.0]
	at org.springframework.web.filter.OncePerRequestFilter.doFilter(OncePerRequestFilter.java:116) ~[spring-web-6.2.7.jar:6.2.7]
	at org.springframework.security.web.FilterChainProxy$VirtualFilterChain.doFilter(FilterChainProxy.java:374) ~[spring-security-web-6.5.0.jar:6.5.0]
	at org.springframework.security.web.FilterChainProxy.doFilterInternal(FilterChainProxy.java:233) ~[spring-security-web-6.5.0.jar:6.5.0]
	at org.springframework.security.web.FilterChainProxy.doFilter(FilterChainProxy.java:191) ~[spring-security-web-6.5.0.jar:6.5.0]
	at org.springframework.web.filter.CompositeFilter$VirtualFilterChain.doFilter(CompositeFilter.java:113) ~[spring-web-6.2.7.jar:6.2.7]
	at org.springframework.web.filter.ServletRequestPathFilter.doFilter(ServletRequestPathFilter.java:52) ~[spring-web-6.2.7.jar:6.2.7]
	at org.springframework.web.filter.CompositeFilter$VirtualFilterChain.doFilter(CompositeFilter.java:113) ~[spring-web-6.2.7.jar:6.2.7]
	at org.springframework.web.filter.CompositeFilter.doFilter(CompositeFilter.java:74) ~[spring-web-6.2.7.jar:6.2.7]
	at org.springframework.security.config.annotation.web.configuration.WebSecurityConfiguration$CompositeFilterChainProxy.doFilter(WebSecurityConfiguration.java:319) ~[spring-security-config-6.5.0.jar:6.5.0]
	at org.springframework.web.filter.CompositeFilter$VirtualFilterChain.doFilter(CompositeFilter.java:113) ~[spring-web-6.2.7.jar:6.2.7]
	at org.springframework.web.servlet.handler.HandlerMappingIntrospector.lambda$createCacheFilter$3(HandlerMappingIntrospector.java:243) ~[spring-webmvc-6.2.7.jar:6.2.7]
	at org.springframework.web.filter.CompositeFilter$VirtualFilterChain.doFilter(CompositeFilter.java:113) ~[spring-web-6.2.7.jar:6.2.7]
	at org.springframework.web.filter.CompositeFilter.doFilter(CompositeFilter.java:74) ~[spring-web-6.2.7.jar:6.2.7]
	at org.springframework.security.config.annotation.web.configuration.WebMvcSecurityConfiguration$CompositeFilterChainProxy.doFilter(WebMvcSecurityConfiguration.java:240) ~[spring-security-config-6.5.0.jar:6.5.0]
	at org.springframework.web.filter.DelegatingFilterProxy.invokeDelegate(DelegatingFilterProxy.java:362) ~[spring-web-6.2.7.jar:6.2.7]
	at org.springframework.web.filter.DelegatingFilterProxy.doFilter(DelegatingFilterProxy.java:278) ~[spring-web-6.2.7.jar:6.2.7]
	at org.apache.catalina.core.ApplicationFilterChain.internalDoFilter(ApplicationFilterChain.java:164) ~[tomcat-embed-core-10.1.41.jar:10.1.41]
	at org.apache.catalina.core.ApplicationFilterChain.doFilter(ApplicationFilterChain.java:140) ~[tomcat-embed-core-10.1.41.jar:10.1.41]
	at org.springframework.web.filter.CharacterEncodingFilter.doFilterInternal(CharacterEncodingFilter.java:201) ~[spring-web-6.2.7.jar:6.2.7]
	at org.springframework.web.filter.OncePerRequestFilter.doFilter(OncePerRequestFilter.java:116) ~[spring-web-6.2.7.jar:6.2.7]
	at org.apache.catalina.core.ApplicationFilterChain.internalDoFilter(ApplicationFilterChain.java:164) ~[tomcat-embed-core-10.1.41.jar:10.1.41]
	at org.apache.catalina.core.ApplicationFilterChain.doFilter(ApplicationFilterChain.java:140) ~[tomcat-embed-core-10.1.41.jar:10.1.41]
	at org.apache.catalina.core.StandardWrapperValve.invoke(StandardWrapperValve.java:167) ~[tomcat-embed-core-10.1.41.jar:10.1.41]
	at org.apache.catalina.core.StandardContextValve.invoke(StandardContextValve.java:90) ~[tomcat-embed-core-10.1.41.jar:10.1.41]
	at org.apache.catalina.authenticator.AuthenticatorBase.invoke(AuthenticatorBase.java:483) ~[tomcat-embed-core-10.1.41.jar:10.1.41]
	at org.apache.catalina.core.StandardHostValve.invoke(StandardHostValve.java:116) ~[tomcat-embed-core-10.1.41.jar:10.1.41]
	at org.apache.catalina.valves.ErrorReportValve.invoke(ErrorReportValve.java:93) ~[tomcat-embed-core-10.1.41.jar:10.1.41]
	at org.apache.catalina.core.StandardEngineValve.invoke(StandardEngineValve.java:74) ~[tomcat-embed-core-10.1.41.jar:10.1.41]
	at org.apache.catalina.connector.CoyoteAdapter.service(CoyoteAdapter.java:344) ~[tomcat-embed-core-10.1.41.jar:10.1.41]
	at org.apache.coyote.http11.Http11Processor.service(Http11Processor.java:398) ~[tomcat-embed-core-10.1.41.jar:10.1.41]
	at org.apache.coyote.AbstractProcessorLight.process(AbstractProcessorLight.java:63) ~[tomcat-embed-core-10.1.41.jar:10.1.41]
	at org.apache.coyote.AbstractProtocol$ConnectionHandler.process(AbstractProtocol.java:903) ~[tomcat-embed-core-10.1.41.jar:10.1.41]
	at org.apache.tomcat.util.net.NioEndpoint$SocketProcessor.doRun(NioEndpoint.java:1740) ~[tomcat-embed-core-10.1.41.jar:10.1.41]
	at org.apache.tomcat.util.net.SocketProcessorBase.run(SocketProcessorBase.java:52) ~[tomcat-embed-core-10.1.41.jar:10.1.41]
	at org.apache.tomcat.util.threads.ThreadPoolExecutor.runWorker(ThreadPoolExecutor.java:1189) ~[tomcat-embed-core-10.1.41.jar:10.1.41]
	at org.apache.tomcat.util.threads.ThreadPoolExecutor$Worker.run(ThreadPoolExecutor.java:658) ~[tomcat-embed-core-10.1.41.jar:10.1.41]
	at org.apache.tomcat.util.threads.TaskThread$WrappingRunnable.run(TaskThread.java:63) ~[tomcat-embed-core-10.1.41.jar:10.1.41]
	at java.base/java.lang.Thread.run(Thread.java:1583) ~[na:na]

2025-06-18T01:26:08.337+05:30 DEBUG 10056 --- [matrimony] [http-nio-9999-exec-4] o.s.security.web.FilterChainProxy        : Securing POST /auth/register
2025-06-18T01:26:08.338+05:30 DEBUG 10056 --- [matrimony] [http-nio-9999-exec-4] o.s.s.w.a.AnonymousAuthenticationFilter  : Set SecurityContextHolder to anonymous SecurityContext
2025-06-18T01:26:08.338+05:30 DEBUG 10056 --- [matrimony] [http-nio-9999-exec-4] o.s.security.web.FilterChainProxy        : Secured POST /auth/register
2025-06-18T01:26:08.340+05:30  INFO 10056 --- [matrimony] [http-nio-9999-exec-4] c.a.matrimony.controller.AuthController  : Registration attempt for email: goswamiavishek22@gmail.com
2025-06-18T01:26:08.342+05:30  INFO 10056 --- [matrimony] [http-nio-9999-exec-4] c.a.m.serviceImpl.AuthServiceImpl        : Starting registration process for email: goswamiavishek22@gmail.com
2025-06-18T01:26:08.343+05:30 DEBUG 10056 --- [matrimony] [http-nio-9999-exec-4] org.hibernate.SQL                        : select u1_0.id from users u1_0 where u1_0.email=? limit ?
2025-06-18T01:26:08.347+05:30 DEBUG 10056 --- [matrimony] [http-nio-9999-exec-4] org.hibernate.SQL                        : select u1_0.id from users u1_0 where u1_0.phone=? limit ?
2025-06-18T01:26:08.669+05:30 DEBUG 10056 --- [matrimony] [http-nio-9999-exec-4] org.hibernate.SQL                        : insert into users (created_at,email,email_verified,is_active,is_verified,last_login,password,phone,phone_verified,updated_at,user_type) values (?,?,?,?,?,?,?,?,?,?,?)
2025-06-18T01:26:08.698+05:30 DEBUG 10056 --- [matrimony] [http-nio-9999-exec-4] org.hibernate.SQL                        : insert into user_profiles (about_me,annual_income,caste,city,country,created_at,date_of_birth,education,family_type,family_values,first_name,gender,height,last_name,marital_status,mother_tongue,occupation,pincode,profile_created_by,religion,state,sub_caste,updated_at,user_id,weight) values (?,?,?,?,?,?,?,?,?,?,?,?,?,?,?,?,?,?,?,?,?,?,?,?,?)
2025-06-18T01:26:08.704+05:30  INFO 10056 --- [matrimony] [http-nio-9999-exec-4] c.a.m.serviceImpl.AuthServiceImpl        : User registered successfully with ID: 5
2025-06-18T01:26:08.705+05:30  INFO 10056 --- [matrimony] [http-nio-9999-exec-4] c.a.m.serviceImpl.OtpServiceImpl         : Sending OTP to contact: 9932764331, purpose: REGISTRATION
2025-06-18T01:26:08.726+05:30 DEBUG 10056 --- [matrimony] [http-nio-9999-exec-4] org.hibernate.SQL                        : select count(ov1_0.id) from otp_verification ov1_0 where (ov1_0.phone=? or ov1_0.email=?) and ov1_0.created_at>=?
2025-06-18T01:26:08.732+05:30 DEBUG 10056 --- [matrimony] [http-nio-9999-exec-4] org.hibernate.SQL                        : insert into otp_verification (created_at,email,expires_at,is_verified,otp,phone,purpose) values (?,?,?,?,?,?,?)
2025-06-18T01:26:08.735+05:30  INFO 10056 --- [matrimony] [http-nio-9999-exec-4] c.a.m.s.NotificationServiceImpl          : Sending email notification to: goswamiavishek22@gmail.com, subject: Your OTP for REGISTRATION
2025-06-18T01:26:14.203+05:30  INFO 10056 --- [matrimony] [http-nio-9999-exec-4] c.a.m.s.NotificationServiceImpl          : Email sent successfully to: goswamiavishek22@gmail.com
2025-06-18T01:26:14.204+05:30  INFO 10056 --- [matrimony] [http-nio-9999-exec-4] c.a.m.serviceImpl.OtpServiceImpl         : OTP sent successfully to: goswamiavishek22@gmail.com or 9932764331
